<?xml version="1.0" encoding="UTF-8"?>
<testsuite name="Run on chrome"
           tests="3"
           failures="0"
           errors="0"
           skipped="0"
           time="7.909">
  <properties />
  
  
            <testcase name="User_03_My_Account" time="1.076" classname="com.nopcommerce.user.Level_18_Pattern_Object" />
                <testcase name="User_01_Register" time="4.993" classname="com.nopcommerce.user.Level_18_Pattern_Object" />
                <testcase name="User_02_Login" time="1.840" classname="com.nopcommerce.user.Level_18_Pattern_Object" />
      
</testsuite>
